WARNING: A restricted method in java.lang.System has been called
WARNING: java.lang.System::load has been called by net.rubygrapefruit.platform.internal.NativeLibraryLoader in an unnamed module (file:/Users/spsinght/.gradle/wrapper/dists/gradle-8.14-all/c2qonpi39x1mddn7hk5gh9iqj/gradle-8.14/lib/native-platform-0.22-milestone-28.jar)
WARNING: Use --enable-native-access=ALL-UNNAMED to avoid a warning for callers in this module
WARNING: Restricted methods will be blocked in a future release unless native access is enabled

=======================================
OpenSearch Build Hamster says Hello!
  Gradle Version        : 8.14
  OS Info               : Mac OS X 26.2 (aarch64)
  JDK Version           : 21 (Amazon Corretto JDK)
  JAVA_HOME             : /Library/Java/JavaVirtualMachines/amazon-corretto-21.jdk/Contents/Home
  Random Testing Seed   : A0CC9A32013E74A5
  Crypto Standard       : any-supported
=======================================

> Task :compileJava
Patched 1 class files to remove preview flag

> Task :processResources NO-SOURCE
> Task :classes

> Task :compileTestJava
Patched 0 class files to remove preview flag

> Task :copyPluginPropertiesTemplate UP-TO-DATE
> Task :pluginProperties UP-TO-DATE
> Task :copyYamlTestsTask NO-SOURCE
> Task :copyRestApiSpecsTask UP-TO-DATE
> Task :processTestResources UP-TO-DATE
> Task :testClasses

> Task :compileJmhJava
Patched 0 class files to remove preview flag

[Incubating] Problems report is available at: file:///Users/spsinght/workspace/ile-perf/opensearch-storage-encryption/build/reports/problems/problems-report.html

Deprecated Gradle features were used in this build, making it incompatible with Gradle 9.0.

You can use '--warning-mode all' to show the individual deprecation warnings and determine if they come from your own scripts or plugins.

For more on this, please refer to https://docs.gradle.org/8.14/userguide/command_line_interface.html#sec:command_line_warnings in the Gradle documentation.

BUILD SUCCESSFUL in 1s
7 actionable tasks: 3 executed, 4 up-to-date
